<?xml version="1.0" encoding="UTF-8" ?>
<testsuite failures="0" time="0.297" errors="0" skipped="0" tests="7" name="com.succez.dengc.serv.TestResponse">
  <properties>
[...]
</properties>
  <testcase time="0.157" classname="com.succez.dengc.serv.TestResponse" name="testGetHttpHead"/>
  <testcase time="0" classname="com.succez.dengc.serv.TestResponse" name="testGetUrl"/>
  <testcase time="0.031" classname="com.succez.dengc.serv.TestResponse" name="testFileToBrowser"/>
  <testcase time="0.016" classname="com.succez.dengc.serv.TestResponse" name="testSendHead"/>
  <testcase time="0.046" classname="com.succez.dengc.serv.TestResponse" name="testSendFile"/>
  <testcase time="0" classname="com.succez.dengc.serv.TestResponse" name="testGetMIMEtpye"/>
  <testcase time="0" classname="com.succez.dengc.serv.TestResponse" name="testInitMap"/>
</testsuite>